# JRE version: Java(TM) SE Runtime Environment (8.0_121-b13) (build 1.8.0_121-b13)
# Java VM: Java HotSpot(TM) Client VM (25.121-b13 mixed mode windows-x86 )
Heap:
 PSYoungGen      total 204544K, used 27794K [0x236c0000, 0x31080000, 0x32000000)
  eden space 185856K, 10% used [0x236c0000,0x248eeb58,0x2ec40000)
  from space 18688K, 49% used [0x2ec40000,0x2f535f08,0x2fe80000)
  to   space 18176K, 0% used [0x2fec0000,0x2fec0000,0x31080000)
 ParOldGen       total 139520K, used 113347K [0x06400000, 0x0ec40000, 0x236c0000)
  object space 139520K, 81% used [0x06400000,0x0d2b0ea8,0x0ec40000)
 Metaspace       used 46052K, capacity 46410K, committed 46464K, reserved 46464K
GC Heap History (10 events):
Event: 11269.931 GC heap before
{Heap before GC invocations=187 (full 8):
 PSYoungGen      total 205312K, used 190662K [0x236c0000, 0x31400000, 0x32000000)
  eden space 184576K, 100% used [0x236c0000,0x2eb00000,0x2eb00000)
  from space 20736K, 29% used [0x2ff40000,0x305319f8,0x31380000)
  to   space 20736K, 0% used [0x2eb00000,0x2eb00000,0x2ff40000)
 ParOldGen       total 139520K, used 112979K [0x06400000, 0x0ec40000, 0x236c0000)
  object space 139520K, 80% used [0x06400000,0x0d254e88,0x0ec40000)
 Metaspace       used 46031K, capacity 46407K, committed 46464K, reserved 46464K
Event: 11269.950 GC heap after
Heap after GC invocations=187 (full 8):
 PSYoungGen      total 205312K, used 7890K [0x236c0000, 0x312c0000, 0x32000000)
  eden space 184576K, 0% used [0x236c0000,0x236c0000,0x2eb00000)
  from space 20736K, 38% used [0x2eb00000,0x2f2b4918,0x2ff40000)
  to   space 19968K, 0% used [0x2ff40000,0x2ff40000,0x312c0000)
 ParOldGen       total 139520K, used 113043K [0x06400000, 0x0ec40000, 0x236c0000)
  object space 139520K, 81% used [0x06400000,0x0d264e88,0x0ec40000)
 Metaspace       used 46031K, capacity 46407K, committed 46464K, reserved 46464K
}
Event: 11334.893 GC heap before
{Heap before GC invocations=188 (full 8):
 PSYoungGen      total 205312K, used 192466K [0x236c0000, 0x312c0000, 0x32000000)
  eden space 184576K, 100% used [0x236c0000,0x2eb00000,0x2eb00000)
  from space 20736K, 38% used [0x2eb00000,0x2f2b4918,0x2ff40000)
  to   space 19968K, 0% used [0x2ff40000,0x2ff40000,0x312c0000)
 ParOldGen       total 139520K, used 113043K [0x06400000, 0x0ec40000, 0x236c0000)
  object space 139520K, 81% used [0x06400000,0x0d264e88,0x0ec40000)
 Metaspace       used 46031K, capacity 46407K, committed 46464K, reserved 46464K
Event: 11334.909 GC heap after
Heap after GC invocations=188 (full 8):
 PSYoungGen      total 204288K, used 11110K [0x236c0000, 0x311c0000, 0x32000000)
  eden space 185344K, 0% used [0x236c0000,0x236c0000,0x2ebc0000)
  from space 18944K, 58% used [0x2ff40000,0x30a19b60,0x311c0000)
  to   space 19456K, 0% used [0x2ebc0000,0x2ebc0000,0x2fec0000)
 ParOldGen       total 139520K, used 113111K [0x06400000, 0x0ec40000, 0x236c0000)
  object space 139520K, 81% used [0x06400000,0x0d275e88,0x0ec40000)
 Metaspace       used 46031K, capacity 46407K, committed 46464K, reserved 46464K
}
Event: 11610.701 GC heap before
{Heap before GC invocations=189 (full 8):
 PSYoungGen      total 204288K, used 196454K [0x236c0000, 0x311c0000, 0x32000000)
  eden space 185344K, 100% used [0x236c0000,0x2ebc0000,0x2ebc0000)
  from space 18944K, 58% used [0x2ff40000,0x30a19b60,0x311c0000)
  to   space 19456K, 0% used [0x2ebc0000,0x2ebc0000,0x2fec0000)
 ParOldGen       total 139520K, used 113111K [0x06400000, 0x0ec40000, 0x236c0000)
  object space 139520K, 81% used [0x06400000,0x0d275e88,0x0ec40000)
 Metaspace       used 46049K, capacity 46407K, committed 46464K, reserved 46464K
Event: 11610.716 GC heap after
Heap after GC invocations=189 (full 8):
 PSYoungGen      total 204800K, used 12716K [0x236c0000, 0x31280000, 0x32000000)
  eden space 185344K, 0% used [0x236c0000,0x236c0000,0x2ebc0000)
  from space 19456K, 65% used [0x2ebc0000,0x2f82b2a0,0x2fec0000)
  to   space 19456K, 0% used [0x2ff80000,0x2ff80000,0x31280000)
 ParOldGen       total 139520K, used 113151K [0x06400000, 0x0ec40000, 0x236c0000)
  object space 139520K, 81% used [0x06400000,0x0d27fe88,0x0ec40000)
 Metaspace       used 46049K, capacity 46407K, committed 46464K, reserved 46464K
}
Event: 12021.584 GC heap before
{Heap before GC invocations=190 (full 8):
 PSYoungGen      total 204800K, used 198060K [0x236c0000, 0x31280000, 0x32000000)
  eden space 185344K, 100% used [0x236c0000,0x2ebc0000,0x2ebc0000)
  from space 19456K, 65% used [0x2ebc0000,0x2f82b2a0,0x2fec0000)
  to   space 19456K, 0% used [0x2ff80000,0x2ff80000,0x31280000)
 ParOldGen       total 139520K, used 113151K [0x06400000, 0x0ec40000, 0x236c0000)
  object space 139520K, 81% used [0x06400000,0x0d27fe88,0x0ec40000)
 Metaspace       used 46051K, capacity 46410K, committed 46464K, reserved 46464K
Event: 12021.614 GC heap after
Heap after GC invocations=190 (full 8):
 PSYoungGen      total 203520K, used 9471K [0x236c0000, 0x310c0000, 0x32000000)
  eden space 185856K, 0% used [0x236c0000,0x236c0000,0x2ec40000)
  from space 17664K, 53% used [0x2ff80000,0x308bfec8,0x310c0000)
  to   space 18688K, 0% used [0x2ec40000,0x2ec40000,0x2fe80000)
 ParOldGen       total 139520K, used 113319K [0x06400000, 0x0ec40000, 0x236c0000)
  object space 139520K, 81% used [0x06400000,0x0d2a9ea8,0x0ec40000)
 Metaspace       used 46051K, capacity 46410K, committed 46464K, reserved 46464K
}
Event: 12046.556 GC heap before
{Heap before GC invocations=191 (full 8):
 PSYoungGen      total 203520K, used 195327K [0x236c0000, 0x310c0000, 0x32000000)
  eden space 185856K, 100% used [0x236c0000,0x2ec40000,0x2ec40000)
  from space 17664K, 53% used [0x2ff80000,0x308bfec8,0x310c0000)
  to   space 18688K, 0% used [0x2ec40000,0x2ec40000,0x2fe80000)
 ParOldGen       total 139520K, used 113319K [0x06400000, 0x0ec40000, 0x236c0000)
  object space 139520K, 81% used [0x06400000,0x0d2a9ea8,0x0ec40000)
 Metaspace       used 46051K, capacity 46410K, committed 46464K, reserved 46464K
Event: 12046.564 GC heap after
Heap after GC invocations=191 (full 8):
 PSYoungGen      total 204544K, used 9175K [0x236c0000, 0x31080000, 0x32000000)
  eden space 185856K, 0% used [0x236c0000,0x236c0000,0x2ec40000)
  from space 18688K, 49% used [0x2ec40000,0x2f535f08,0x2fe80000)
  to   space 18176K, 0% used [0x2fec0000,0x2fec0000,0x31080000)
 ParOldGen       total 139520K, used 113347K [0x06400000, 0x0ec40000, 0x236c0000)
  object space 139520K, 81% used [0x06400000,0x0d2b0ea8,0x0ec40000)
 Metaspace       used 46051K, capacity 46410K, committed 46464K, reserved 46464K
}

